This is pdfTeX, Version 3.141592653-2.6-1.40.22 (TeX Live 2022/dev/Debian) (preloaded format=pdflatex 2022.6.1)  7 SEP 2022 14:32
entering extended mode
 restricted \write18 enabled.
 file:line:error style messages enabled.
 %&-line parsing enabled.
**/home/youcef/Documents/AMSD/stage/rapport/main.tex
(/home/youcef/Documents/AMSD/stage/rapport/main.tex
LaTeX2e <2021-11-15> patch level 1
L3 programming layer <2022-01-21> (/usr/share/texlive/texmf-dist/tex/latex/base/report.cls
Document Class: report 2021/10/04 v1.4n Standard LaTeX document class
(/usr/share/texlive/texmf-dist/tex/latex/base/size12.clo
File: size12.clo 2021/10/04 v1.4n Standard LaTeX file (size option)
)
\c@part=\count185
\c@chapter=\count186
\c@section=\count187
\c@subsection=\count188
\c@subsubsection=\count189
\c@paragraph=\count190
\c@subparagraph=\count191
\c@figure=\count192
\c@table=\count193
\abovecaptionskip=\skip47
\belowcaptionskip=\skip48
\bibindent=\dimen138
) (/usr/share/texlive/texmf-dist/tex/latex/geometry/geometry.sty
Package: geometry 2020/01/02 v5.9 Page Geometry
 (/usr/share/texlive/texmf-dist/tex/latex/graphics/keyval.sty
Package: keyval 2014/10/28 v1.15 key=value parser (DPC)
\KV@toks@=\toks16
) (/usr/share/texlive/texmf-dist/tex/generic/iftex/ifvtex.sty
Package: ifvtex 2019/10/25 v1.7 ifvtex legacy package. Use iftex instead.
 (/usr/share/texlive/texmf-dist/tex/generic/iftex/iftex.sty
Package: iftex 2020/03/06 v1.0d TeX engine tests
))
\Gm@cnth=\count194
\Gm@cntv=\count195
\c@Gm@tempcnt=\count196
\Gm@bindingoffset=\dimen139
\Gm@wd@mp=\dimen140
\Gm@odd@mp=\dimen141
\Gm@even@mp=\dimen142
\Gm@layoutwidth=\dimen143
\Gm@layoutheight=\dimen144
\Gm@layouthoffset=\dimen145
\Gm@layoutvoffset=\dimen146
\Gm@dimlist=\toks17
) (/usr/share/texlive/texmf-dist/tex/latex/natbib/natbib.sty
Package: natbib 2010/09/13 8.31b (PWD, AO)
\bibhang=\skip49
\bibsep=\skip50
LaTeX Info: Redefining \cite on input line 694.
\c@NAT@ctr=\count197
) (/usr/share/texlive/texmf-dist/tex/latex/base/inputenc.sty
Package: inputenc 2021/02/14 v1.3d Input encoding file
\inpenc@prehook=\toks18
\inpenc@posthook=\toks19
) (/usr/share/texlive/texmf-dist/tex/latex/tools/multicol.sty
Package: multicol 2021/10/28 v1.9b multicolumn formatting (FMi)
\c@tracingmulticols=\count198
\mult@box=\box50
\multicol@leftmargin=\dimen147
\c@unbalance=\count199
\c@collectmore=\count266
\doublecol@number=\count267
\multicoltolerance=\count268
\multicolpretolerance=\count269
\full@width=\dimen148
\page@free=\dimen149
\premulticols=\dimen150
\postmulticols=\dimen151
\multicolsep=\skip51
\multicolbaselineskip=\skip52
\partial@page=\box51
\last@line=\box52
\maxbalancingoverflow=\dimen152
\mult@rightbox=\box53
\mult@grightbox=\box54
\mult@firstbox=\box55
\mult@gfirstbox=\box56
\@tempa=\box57
\@tempa=\box58
\@tempa=\box59
\@tempa=\box60
\@tempa=\box61
\@tempa=\box62
\@tempa=\box63
\@tempa=\box64
\@tempa=\box65
\@tempa=\box66
\@tempa=\box67
\@tempa=\box68
\@tempa=\box69
\@tempa=\box70
\@tempa=\box71
\@tempa=\box72
\@tempa=\box73
\@tempa=\box74
\@tempa=\box75
\@tempa=\box76
\@tempa=\box77
\@tempa=\box78
\@tempa=\box79
\@tempa=\box80
\@tempa=\box81
\@tempa=\box82
\@tempa=\box83
\@tempa=\box84
\@tempa=\box85
\@tempa=\box86
\@tempa=\box87
\@tempa=\box88
\@tempa=\box89
\@tempa=\box90
\@tempa=\box91
\@tempa=\box92
\c@minrows=\count270
\c@columnbadness=\count271
\c@finalcolumnbadness=\count272
\last@try=\dimen153
\multicolovershoot=\dimen154
\multicolundershoot=\dimen155
\mult@nat@firstbox=\box93
\colbreak@box=\box94
\mc@col@check@num=\count273
) (/usr/share/texlive/texmf-dist/tex/latex/url/url.sty
\Urlmuskip=\muskip16
Package: url 2013/09/16  ver 3.4  Verb mode for urls, etc.
) (/usr/share/texlive/texmf-dist/tex/latex/subfiles/subfiles.sty
Package: subfiles 2020/11/14 v2.2 Multi-file projects (package)
 (/usr/share/texlive/texmf-dist/tex/latex/import/import.sty
Package: import 2020/04/01  v 6.2
)) (/usr/share/texlive/texmf-dist/tex/latex/hyperref/nameref.sty
Package: nameref 2021-04-02 v2.47 Cross-referencing by name of section
 (/usr/share/texlive/texmf-dist/tex/latex/refcount/refcount.sty
Package: refcount 2019/12/15 v3.6 Data extraction from label references (HO)
 (/usr/share/texlive/texmf-dist/tex/generic/ltxcmds/ltxcmds.sty
Package: ltxcmds 2020-05-10 v1.25 LaTeX kernel commands for general use (HO)
) (/usr/share/texlive/texmf-dist/tex/generic/infwarerr/infwarerr.sty
Package: infwarerr 2019/12/03 v1.5 Providing info/warning/error messages (HO)
)) (/usr/share/texlive/texmf-dist/tex/generic/gettitlestring/gettitlestring.sty
Package: gettitlestring 2019/12/15 v1.6 Cleanup title references (HO)
 (/usr/share/texlive/texmf-dist/tex/latex/kvoptions/kvoptions.sty
Package: kvoptions 2020-10-07 v3.14 Key value format for package options (HO)
 (/usr/share/texlive/texmf-dist/tex/generic/kvsetkeys/kvsetkeys.sty
Package: kvsetkeys 2019/12/15 v1.18 Key value parser (HO)
)))
\c@section@level=\count274
LaTeX Info: Redefining \ref on input line 356.
LaTeX Info: Redefining \pageref on input line 356.
) (/usr/share/texlive/texmf-dist/tex/latex/base/fontenc.sty
Package: fontenc 2021/04/29 v2.0v Standard LaTeX package
) (/usr/share/texlive/texmf-dist/tex/latex/diagbox/diagbox.sty
Package: diagbox 2020/02/09 v2.3 Making table heads with diagonal lines
 (/usr/share/texlive/texmf-dist/tex/latex/pict2e/pict2e.sty
Package: pict2e 2020/09/30 v0.4b Improved picture commands (HjG,RN,JT)
 (/usr/share/texlive/texmf-dist/tex/latex/pict2e/pict2e.cfg
File: pict2e.cfg 2016/02/05 v0.1u pict2e configuration for teTeX/TeXLive
)
Package pict2e Info: Driver file: pdftex.def on input line 112.
 (/usr/share/texlive/texmf-dist/tex/latex/graphics-def/pdftex.def
File: pdftex.def 2020/10/05 v1.2a Graphics/color driver for pdftex
)
Package pict2e Info: Driver file for pict2e: p2e-pdftex.def on input line 114.
 (/usr/share/texlive/texmf-dist/tex/latex/pict2e/p2e-pdftex.def
File: p2e-pdftex.def 2016/02/05 v0.1u Driver-dependant file (RN,HjG,JT)
) (/usr/share/texlive/texmf-dist/tex/latex/graphics/trig.sty
Package: trig 2021/08/11 v1.11 sin cos tan (DPC)
)
\pIIe@GRAPH=\toks20
\@arclen=\dimen156
\@arcrad=\dimen157
\pIIe@tempdima=\dimen158
\pIIe@tempdimb=\dimen159
\pIIe@tempdimc=\dimen160
\pIIe@tempdimd=\dimen161
\pIIe@tempdime=\dimen162
\pIIe@tempdimf=\dimen163
) (/usr/share/texlive/texmf-dist/tex/latex/tools/calc.sty
Package: calc 2017/05/25 v4.3 Infix arithmetic (KKT,FJ)
\calc@Acount=\count275
\calc@Bcount=\count276
\calc@Adimen=\dimen164
\calc@Bdimen=\dimen165
\calc@Askip=\skip53
\calc@Bskip=\skip54
LaTeX Info: Redefining \setlength on input line 80.
LaTeX Info: Redefining \addtolength on input line 81.
\calc@Ccount=\count277
\calc@Cskip=\skip55
) (/usr/share/texlive/texmf-dist/tex/latex/tools/array.sty
Package: array 2021/10/04 v2.5f Tabular extension package (FMi)
\col@sep=\dimen166
\ar@mcellbox=\box95
\extrarowheight=\dimen167
\NC@list=\toks21
\extratabsurround=\skip56
\backup@length=\skip57
\ar@cellbox=\box96
)
\diagbox@boxa=\box97
\diagbox@boxb=\box98
\diagbox@boxm=\box99
\diagbox@wd=\dimen168
\diagbox@ht=\dimen169
\diagbox@insepl=\dimen170
\diagbox@insepr=\dimen171
\diagbox@outsepl=\dimen172
\diagbox@outsepr=\dimen173
) (/usr/share/texlive/texmf-dist/tex/latex/graphics/graphicx.sty
Package: graphicx 2021/09/16 v1.2d Enhanced LaTeX Graphics (DPC,SPQR)
 (/usr/share/texlive/texmf-dist/tex/latex/graphics/graphics.sty
Package: graphics 2021/03/04 v1.4d Standard LaTeX Graphics (DPC,SPQR)
 (/usr/share/texlive/texmf-dist/tex/latex/graphics-cfg/graphics.cfg
File: graphics.cfg 2016/06/04 v1.11 sample graphics configuration
)
Package graphics Info: Driver file: pdftex.def on input line 107.
)
\Gin@req@height=\dimen174
\Gin@req@width=\dimen175
) (/usr/share/texlive/texmf-dist/tex/latex/caption/subcaption.sty
Package: subcaption 2020/10/07 v1.3j Sub-captions (AR)
 (/usr/share/texlive/texmf-dist/tex/latex/caption/caption.sty
Package: caption 2020/10/26 v3.5g Customizing captions (AR)
 (/usr/share/texlive/texmf-dist/tex/latex/caption/caption3.sty
Package: caption3 2020/10/21 v2.2e caption3 kernel (AR)
\captionmargin=\dimen176
\captionmargin@=\dimen177
\captionwidth=\dimen178
\caption@tempdima=\dimen179
\caption@indent=\dimen180
\caption@parindent=\dimen181
\caption@hangindent=\dimen182
Package caption Info: Standard document class detected.
)
\c@caption@flags=\count278
\c@continuedfloat=\count279
)
\c@subfigure=\count280
\c@subtable=\count281
) (/usr/share/texlive/texmf-dist/tex/latex/amsfonts/amssymb.sty
Package: amssymb 2013/01/14 v3.01 AMS font symbols
 (/usr/share/texlive/texmf-dist/tex/latex/amsfonts/amsfonts.sty
Package: amsfonts 2013/01/14 v3.01 Basic AMSFonts support
\@emptytoks=\toks22
\symAMSa=\mathgroup4
\symAMSb=\mathgroup5
LaTeX Font Info:    Redeclaring math symbol \hbar on input line 98.
LaTeX Font Info:    Overwriting math alphabet `\mathfrak' in version `bold'
(Font)                  U/euf/m/n --> U/euf/b/n on input line 106.
)) (/usr/share/texlive/texmf-dist/tex/latex/amsmath/amsmath.sty
Package: amsmath 2021/10/15 v2.17l AMS math features
\@mathmargin=\skip58

For additional information on amsmath, use the `?' option.
(/usr/share/texlive/texmf-dist/tex/latex/amsmath/amstext.sty
Package: amstext 2021/08/26 v2.01 AMS text
 (/usr/share/texlive/texmf-dist/tex/latex/amsmath/amsgen.sty
File: amsgen.sty 1999/11/30 v2.0 generic functions
\@emptytoks=\toks23
\ex@=\dimen183
)) (/usr/share/texlive/texmf-dist/tex/latex/amsmath/amsbsy.sty
Package: amsbsy 1999/11/29 v1.2d Bold Symbols
\pmbraise@=\dimen184
) (/usr/share/texlive/texmf-dist/tex/latex/amsmath/amsopn.sty
Package: amsopn 2021/08/26 v2.02 operator names
)
\inf@bad=\count282
LaTeX Info: Redefining \frac on input line 234.
\uproot@=\count283
\leftroot@=\count284
LaTeX Info: Redefining \overline on input line 399.
\classnum@=\count285
\DOTSCASE@=\count286
LaTeX Info: Redefining \ldots on input line 496.
LaTeX Info: Redefining \dots on input line 499.
LaTeX Info: Redefining \cdots on input line 620.
\Mathstrutbox@=\box100
\strutbox@=\box101
\big@size=\dimen185
LaTeX Font Info:    Redeclaring font encoding OML on input line 743.
LaTeX Font Info:    Redeclaring font encoding OMS on input line 744.
\macc@depth=\count287
\c@MaxMatrixCols=\count288
\dotsspace@=\muskip17
\c@parentequation=\count289
\dspbrk@lvl=\count290
\tag@help=\toks24
\row@=\count291
\column@=\count292
\maxfields@=\count293
\andhelp@=\toks25
\eqnshift@=\dimen186
\alignsep@=\dimen187
\tagshift@=\dimen188
\tagwidth@=\dimen189
\totwidth@=\dimen190
\lineht@=\dimen191
\@envbody=\toks26
\multlinegap=\skip59
\multlinetaggap=\skip60
\mathdisplay@stack=\toks27
LaTeX Info: Redefining \[ on input line 2938.
LaTeX Info: Redefining \] on input line 2939.
) (/usr/share/texlive/texmf-dist/tex/latex/tools/tabularx.sty
Package: tabularx 2020/01/15 v2.11c `tabularx' package (DPC)
\TX@col@width=\dimen192
\TX@old@table=\dimen193
\TX@old@col=\dimen194
\TX@target=\dimen195
\TX@delta=\dimen196
\TX@cols=\count294
\TX@ftn=\toks28
) (/usr/share/texlive/texmf-dist/tex/latex/hyperref/hyperref.sty
Package: hyperref 2021-06-07 v7.00m Hypertext links for LaTeX
 (/usr/share/texlive/texmf-dist/tex/generic/pdftexcmds/pdftexcmds.sty
Package: pdftexcmds 2020-06-27 v0.33 Utility functions of pdfTeX for LuaTeX (HO)
Package pdftexcmds Info: \pdf@primitive is available.
Package pdftexcmds Info: \pdf@ifprimitive is available.
Package pdftexcmds Info: \pdfdraftmode found.
) (/usr/share/texlive/texmf-dist/tex/generic/kvdefinekeys/kvdefinekeys.sty
Package: kvdefinekeys 2019-12-19 v1.6 Define keys (HO)
) (/usr/share/texlive/texmf-dist/tex/generic/pdfescape/pdfescape.sty
Package: pdfescape 2019/12/09 v1.15 Implements pdfTeX's escape features (HO)
) (/usr/share/texlive/texmf-dist/tex/latex/hycolor/hycolor.sty
Package: hycolor 2020-01-27 v1.10 Color options for hyperref/bookmark (HO)
) (/usr/share/texlive/texmf-dist/tex/latex/letltxmacro/letltxmacro.sty
Package: letltxmacro 2019/12/03 v1.6 Let assignment for LaTeX macros (HO)
) (/usr/share/texlive/texmf-dist/tex/latex/auxhook/auxhook.sty
Package: auxhook 2019-12-17 v1.6 Hooks for auxiliary files (HO)
)
\@linkdim=\dimen197
\Hy@linkcounter=\count295
\Hy@pagecounter=\count296
 (/usr/share/texlive/texmf-dist/tex/latex/hyperref/pd1enc.def
File: pd1enc.def 2021-06-07 v7.00m Hyperref: PDFDocEncoding definition (HO)
Now handling font encoding PD1 ...
... no UTF-8 mapping file for font encoding PD1
) (/usr/share/texlive/texmf-dist/tex/latex/hyperref/hyperref-langpatches.def
File: hyperref-langpatches.def 2021-06-07 v7.00m Hyperref: patches for babel languages
) (/usr/share/texlive/texmf-dist/tex/generic/intcalc/intcalc.sty
Package: intcalc 2019/12/15 v1.3 Expandable calculations with integers (HO)
) (/usr/share/texlive/texmf-dist/tex/generic/etexcmds/etexcmds.sty
Package: etexcmds 2019/12/15 v1.7 Avoid name clashes with e-TeX commands (HO)
)
\Hy@SavedSpaceFactor=\count297
 (/usr/share/texlive/texmf-dist/tex/latex/hyperref/puenc.def
File: puenc.def 2021-06-07 v7.00m Hyperref: PDF Unicode definition (HO)
Now handling font encoding PU ...
... no UTF-8 mapping file for font encoding PU
)
Package hyperref Info: Option `final' set `true' on input line 4073.
Package hyperref Info: Hyper figures OFF on input line 4192.
Package hyperref Info: Link nesting OFF on input line 4197.
Package hyperref Info: Hyper index ON on input line 4200.
Package hyperref Info: Plain pages OFF on input line 4207.
Package hyperref Info: Backreferencing OFF on input line 4212.
Package hyperref Info: Implicit mode ON; LaTeX internals redefined.
Package hyperref Info: Bookmarks ON on input line 4445.
\c@Hy@tempcnt=\count298
LaTeX Info: Redefining \url on input line 4804.
\XeTeXLinkMargin=\dimen198
 (/usr/share/texlive/texmf-dist/tex/generic/bitset/bitset.sty
Package: bitset 2019/12/09 v1.3 Handle bit-vector datatype (HO)
 (/usr/share/texlive/texmf-dist/tex/generic/bigintcalc/bigintcalc.sty
Package: bigintcalc 2019/12/15 v1.5 Expandable calculations on big integers (HO)
))
\Fld@menulength=\count299
\Field@Width=\dimen199
\Fld@charsize=\dimen256
Package hyperref Info: Hyper figures OFF on input line 6076.
Package hyperref Info: Link nesting OFF on input line 6081.
Package hyperref Info: Hyper index ON on input line 6084.
Package hyperref Info: backreferencing OFF on input line 6091.
Package hyperref Info: Link coloring OFF on input line 6096.
Package hyperref Info: Link coloring with OCG OFF on input line 6101.
Package hyperref Info: PDF/A mode OFF on input line 6106.
LaTeX Info: Redefining \ref on input line 6146.
LaTeX Info: Redefining \pageref on input line 6150.
 (/usr/share/texlive/texmf-dist/tex/latex/base/atbegshi-ltx.sty
Package: atbegshi-ltx 2021/01/10 v1.0c Emulation of the original atbegshi
package with kernel methods
)
\Hy@abspage=\count300
\c@Item=\count301
\c@Hfootnote=\count302
)
Package hyperref Info: Driver (autodetected): hpdftex.
 (/usr/share/texlive/texmf-dist/tex/latex/hyperref/hpdftex.def
File: hpdftex.def 2021-06-07 v7.00m Hyperref driver for pdfTeX
 (/usr/share/texlive/texmf-dist/tex/latex/base/atveryend-ltx.sty
Package: atveryend-ltx 2020/08/19 v1.0a Emulation of the original atveryend package
with kernel methods
)
\Fld@listcount=\count303
\c@bookmark@seq@number=\count304
 (/usr/share/texlive/texmf-dist/tex/latex/rerunfilecheck/rerunfilecheck.sty
Package: rerunfilecheck 2019/12/05 v1.9 Rerun checks for auxiliary files (HO)
 (/usr/share/texlive/texmf-dist/tex/generic/uniquecounter/uniquecounter.sty
Package: uniquecounter 2019/12/15 v1.4 Provide unlimited unique counter (HO)
)
Package uniquecounter Info: New unique counter `rerunfilecheck' on input line 286.
)
\Hy@SectionHShift=\skip61
) (/usr/share/texlive/texmf-dist/tex/latex/pdfpages/pdfpages.sty
Package: pdfpages 2022/01/29 v0.5u Insert pages of external PDF documents (AM)
 (/usr/share/texlive/texmf-dist/tex/latex/base/ifthen.sty
Package: ifthen 2020/11/24 v1.1c Standard LaTeX ifthen package (DPC)
) (/usr/share/texlive/texmf-dist/tex/latex/eso-pic/eso-pic.sty
Package: eso-pic 2020/10/14 v3.0a eso-pic (RN)
\ESO@tempdima=\dimen257
\ESO@tempdimb=\dimen258
 (/usr/share/texlive/texmf-dist/tex/latex/xcolor/xcolor.sty
Package: xcolor 2021/10/31 v2.13 LaTeX color extensions (UK)
 (/usr/share/texlive/texmf-dist/tex/latex/graphics-cfg/color.cfg
File: color.cfg 2016/01/02 v1.6 sample color configuration
)
Package xcolor Info: Driver file: pdftex.def on input line 227.
Package xcolor Info: Model `cmy' substituted by `cmy0' on input line 1352.
Package xcolor Info: Model `hsb' substituted by `rgb' on input line 1356.
Package xcolor Info: Model `RGB' extended on input line 1368.
Package xcolor Info: Model `HTML' substituted by `rgb' on input line 1370.
Package xcolor Info: Model `Hsb' substituted by `hsb' on input line 1371.
Package xcolor Info: Model `tHsb' substituted by `hsb' on input line 1372.
Package xcolor Info: Model `HSB' substituted by `hsb' on input line 1373.
Package xcolor Info: Model `Gray' substituted by `gray' on input line 1374.
Package xcolor Info: Model `wave' substituted by `hsb' on input line 1375.
))
\AM@pagewidth=\dimen259
\AM@pageheight=\dimen260
\AM@fboxrule=\dimen261
 (/usr/share/texlive/texmf-dist/tex/latex/pdfpages/pppdftex.def
File: pppdftex.def 2022/01/29 v0.5u Pdfpages driver for pdfTeX (AM)
)
\pdfpages@includegraphics@status=\count305
\AM@pagebox=\box102
\AM@global@opts=\toks29
\AM@pagecnt=\count306
\AM@toc@title=\toks30
\c@AM@survey=\count307
\AM@templatesizebox=\box103
) (/usr/share/texlive/texmf-dist/tex/latex/algorithm2e/algorithm2e.sty
Package: algorithm2e 2017/07/18 v5.2 algorithms environments
\c@AlgoLine=\count308
\algocf@hangindent=\skip62
 (/usr/share/texlive/texmf-dist/tex/latex/ifoddpage/ifoddpage.sty
Package: ifoddpage 2016/04/23 v1.1 Conditionals for odd/even page detection
\c@checkoddpage=\count309
) (/usr/share/texlive/texmf-dist/tex/latex/tools/xspace.sty
Package: xspace 2014/10/28 v1.13 Space after command names (DPC,MH)
) (/usr/share/texlive/texmf-dist/tex/latex/relsize/relsize.sty
Package: relsize 2013/03/29 ver 4.1
)
\skiptotal=\skip63
\skiplinenumber=\skip64
\skiprule=\skip65
\skiphlne=\skip66
\skiptext=\skip67
\skiplength=\skip68
\algomargin=\skip69
\skipalgocfslide=\skip70
\algowidth=\dimen262
\inoutsize=\dimen263
\inoutindent=\dimen264
\interspacetitleruled=\dimen265
\interspacealgoruled=\dimen266
\interspacetitleboxruled=\dimen267
\algocf@ruledwidth=\skip71
\algocf@inoutbox=\box104
\algocf@inputbox=\box105
\AlCapSkip=\skip72
\AlCapHSkip=\skip73
\algoskipindent=\skip74
\algocf@nlbox=\box106
\algocf@hangingbox=\box107
\algocf@untilbox=\box108
\algocf@skipuntil=\skip75
\algocf@capbox=\box109
\algocf@lcaptionbox=\skip76
\algoheightruledefault=\skip77
\algoheightrule=\skip78
\algotitleheightruledefault=\skip79
\algotitleheightrule=\skip80
\c@algocfline=\count310
\c@algocfproc=\count311
\c@algocf=\count312
\algocf@algoframe=\box110
\algocf@algobox=\box111
) (/usr/share/texlive/texmf-dist/tex/latex/glossaries/base/glossaries.sty
Package: glossaries 2021/11/01 v4.49 (NLCT)
 (/usr/share/texlive/texmf-dist/tex/latex/xkeyval/xkeyval.sty
Package: xkeyval 2020/11/20 v2.8 package option processing (HA)
 (/usr/share/texlive/texmf-dist/tex/generic/xkeyval/xkeyval.tex (/usr/share/texlive/texmf-dist/tex/generic/xkeyval/xkvutils.tex
\XKV@toks=\toks31
\XKV@tempa@toks=\toks32
)
\XKV@depth=\count313
File: xkeyval.tex 2014/12/03 v2.7a key=value parser (HA)
)) (/usr/share/texlive/texmf-dist/tex/latex/mfirstuc/mfirstuc.sty
Package: mfirstuc 2021/10/15 v2.07 (NLCT)
 (/usr/share/texlive/texmf-dist/tex/latex/etoolbox/etoolbox.sty
Package: etoolbox 2020/10/05 v2.5k e-TeX tools for LaTeX (JAW)
\etb@tempcnta=\count314
)
\@glsmfirst=\toks33
\@glsmrest=\toks34
) (/usr/share/texlive/texmf-dist/tex/latex/textcase/textcase.sty
Package: textcase 2019/09/14 v1.00 Text only upper/lower case changing (DPC)
) (/usr/share/texlive/texmf-dist/tex/latex/xfor/xfor.sty
Package: xfor 2009/02/05 v1.05 (NLCT)
) (/usr/share/texlive/texmf-dist/tex/latex/datatool/datatool-base.sty
Package: datatool-base 2019/09/27 v2.32 (NLCT)
 (/usr/share/texlive/texmf-dist/tex/latex/substr/substr.sty
Package: substr 2009/10/20 v1.2 Handle substrings
\c@su@anzahl=\count315
) (/usr/share/texlive/texmf-dist/tex/latex/datatool/datatool-fp.sty
Package: datatool-fp 2019/09/27 v2.32 (NLCT)
 (/usr/share/texlive/texmf-dist/tex/latex/fp/fp.sty
Package: fp 1995/04/02
 `Fixed Point Package', Version 0.8, April 2, 1995 (C) Michael Mehlich (/usr/share/texlive/texmf-dist/tex/latex/fp/defpattern.sty
Package: defpattern 1994/10/12
\actioncount=\count316
) (/usr/share/texlive/texmf-dist/tex/latex/fp/fp-basic.sty
Package: fp-basic 1996/05/13
\FP@xs=\count317
\FP@xia=\count318
\FP@xib=\count319
\FP@xfa=\count320
\FP@xfb=\count321
\FP@rega=\count322
\FP@regb=\count323
\FP@regs=\count324
\FP@times=\count325
) (/usr/share/texlive/texmf-dist/tex/latex/fp/fp-addons.sty
Package: fp-addons 1995/03/15
) (/usr/share/texlive/texmf-dist/tex/latex/fp/fp-snap.sty
Package: fp-snap 1995/04/05
) (/usr/share/texlive/texmf-dist/tex/latex/fp/fp-exp.sty
Package: fp-exp 1995/04/03
) (/usr/share/texlive/texmf-dist/tex/latex/fp/fp-trigo.sty
Package: fp-trigo 1995/04/14
) (/usr/share/texlive/texmf-dist/tex/latex/fp/fp-pas.sty
Package: fp-pas 1994/08/29
) (/usr/share/texlive/texmf-dist/tex/latex/fp/fp-random.sty
Package: fp-random 1995/02/23
\FPseed=\count326
) (/usr/share/texlive/texmf-dist/tex/latex/fp/fp-eqn.sty
Package: fp-eqn 1995/04/03
) (/usr/share/texlive/texmf-dist/tex/latex/fp/fp-upn.sty
Package: fp-upn 1996/10/21
) (/usr/share/texlive/texmf-dist/tex/latex/fp/fp-eval.sty
Package: fp-eval 1995/04/03
)))
\@dtl@toks=\toks35
\@dtl@tmpcount=\count327
\dtl@tmplength=\skip81
\dtl@sortresult=\count328
\@dtl@numgrpsepcount=\count329
\@dtl@datatype=\count330
\dtl@codeA=\count331
\dtl@codeB=\count332
\@dtl@foreach@level=\count333
) (/usr/share/texlive/texmf-dist/tex/latex/glossaries/base/glossaries-compatible-307.sty
Package: glossaries-compatible-307 2021/11/01 v4.49 (NLCT)
)
\gls@level=\count334
\@gls@tmpb=\toks36
\gls@tmplen=\skip82
\glskeylisttok=\toks37
\glslabeltok=\toks38
\glsshorttok=\toks39
\glslongtok=\toks40
 (/usr/share/texlive/texmf-dist/tex/latex/glossaries/styles/glossary-hypernav.sty
Package: glossary-hypernav 2021/11/01 v4.49 (NLCT)
) (/usr/share/texlive/texmf-dist/tex/latex/glossaries/styles/glossary-list.sty
Package: glossary-list 2021/11/01 v4.49 (NLCT)
\glslistdottedwidth=\skip83
) (/usr/share/texlive/texmf-dist/tex/latex/glossaries/styles/glossary-long.sty
Package: glossary-long 2021/11/01 v4.49 (NLCT)
 (/usr/share/texlive/texmf-dist/tex/latex/tools/longtable.sty
Package: longtable 2021-09-01 v4.17 Multi-page Table package (DPC)
\LTleft=\skip84
\LTright=\skip85
\LTpre=\skip86
\LTpost=\skip87
\LTchunksize=\count335
\LTcapwidth=\dimen268
\LT@head=\box112
\LT@firsthead=\box113
\LT@foot=\box114
\LT@lastfoot=\box115
\LT@gbox=\box116
\LT@cols=\count336
\LT@rows=\count337
\c@LT@tables=\count338
\c@LT@chunks=\count339
\LT@p@ftn=\toks41
)
\glsdescwidth=\skip88
\glspagelistwidth=\skip89
) (/usr/share/texlive/texmf-dist/tex/latex/glossaries/styles/glossary-super.sty
Package: glossary-super 2021/11/01 v4.49 (NLCT)
 (/usr/share/texlive/texmf-dist/tex/latex/supertabular/supertabular.sty
Package: supertabular 2020/02/02 v4.1g the supertabular environment
\c@tracingst=\count340
\ST@wd=\dimen269
\ST@rightskip=\skip90
\ST@leftskip=\skip91
\ST@parfillskip=\skip92
\ST@pageleft=\dimen270
\ST@headht=\dimen271
\ST@tailht=\dimen272
\ST@pagesofar=\dimen273
\ST@pboxht=\dimen274
\ST@lineht=\dimen275
\ST@prevht=\dimen276
\ST@toadd=\dimen277
\ST@dimen=\dimen278
\ST@pbox=\box117
)) (/usr/share/texlive/texmf-dist/tex/latex/glossaries/styles/glossary-tree.sty
Package: glossary-tree 2021/11/01 v4.49 (NLCT)
\glstreeindent=\skip93
)) (./acronyms.tex) (./vocable.tex) (/usr/share/texlive/texmf-dist/tex/latex/l3backend/l3backend-pdftex.def
File: l3backend-pdftex.def 2022-01-12 L3 backend support: PDF output (pdfTeX)
\l__color_backend_stack_int=\count341
\l__pdf_internal_box=\box118
) (latex_generated_files/main.aux (latex_generated_files/acknowledgement.aux) (latex_generated_files/abstract.aux) (latex_generated_files/general_introduction.aux) (latex_generated_files/state_of_the_art.aux) (latex_generated_files/conception.aux) (latex_generated_files/realization.aux) (latex_generated_files/tests.aux))
\openout1 = `main.aux'.

LaTeX Font Info:    Checking defaults for OML/cmm/m/it on input line 39.
LaTeX Font Info:    ... okay on input line 39.
LaTeX Font Info:    Checking defaults for OMS/cmsy/m/n on input line 39.
LaTeX Font Info:    ... okay on input line 39.
LaTeX Font Info:    Checking defaults for OT1/cmr/m/n on input line 39.
LaTeX Font Info:    ... okay on input line 39.
LaTeX Font Info:    Checking defaults for T1/cmr/m/n on input line 39.
LaTeX Font Info:    ... okay on input line 39.
LaTeX Font Info:    Checking defaults for TS1/cmr/m/n on input line 39.
LaTeX Font Info:    ... okay on input line 39.
LaTeX Font Info:    Checking defaults for OMX/cmex/m/n on input line 39.
LaTeX Font Info:    ... okay on input line 39.
LaTeX Font Info:    Checking defaults for U/cmr/m/n on input line 39.
LaTeX Font Info:    ... okay on input line 39.
LaTeX Font Info:    Checking defaults for PD1/pdf/m/n on input line 39.
LaTeX Font Info:    ... okay on input line 39.
LaTeX Font Info:    Checking defaults for PU/pdf/m/n on input line 39.
LaTeX Font Info:    ... okay on input line 39.

*geometry* driver: auto-detecting
*geometry* detected driver: pdftex
*geometry* verbose mode - [ preamble ] result:
* driver: pdftex
* paper: a4paper
* layout: <same size as paper>
* layoutoffset:(h,v)=(0.0pt,0.0pt)
* modes: 
* h-part:(L,W,R)=(71.13188pt, 455.24411pt, 71.13188pt)
* v-part:(T,H,B)=(71.13188pt, 702.78308pt, 71.13188pt)
* \paperwidth=597.50787pt
* \paperheight=845.04684pt
* \textwidth=455.24411pt
* \textheight=702.78308pt
* \oddsidemargin=-1.1381pt
* \evensidemargin=-1.1381pt
* \topmargin=-38.1381pt
* \headheight=12.0pt
* \headsep=25.0pt
* \topskip=12.0pt
* \footskip=30.0pt
* \marginparwidth=35.0pt
* \marginparsep=10.0pt
* \columnsep=10.0pt
* \skip\footins=34.8pt plus 9.0pt minus 2.0pt
* \hoffset=0.0pt
* \voffset=0.0pt
* \mag=1000
* \@twocolumnfalse
* \@twosidefalse
* \@mparswitchfalse
* \@reversemarginfalse
* (1in=72.27pt=25.4mm, 1cm=28.453pt)

(/usr/share/texlive/texmf-dist/tex/context/base/mkii/supp-pdf.mkii
[Loading MPS to PDF converter (version 2006.09.02).]
\scratchcounter=\count342
\scratchdimen=\dimen279
\scratchbox=\box119
\nofMPsegments=\count343
\nofMParguments=\count344
\everyMPshowfont=\toks42
\MPscratchCnt=\count345
\MPscratchDim=\dimen280
\MPnumerator=\count346
\makeMPintoPDFobject=\count347
\everyMPtoPDFconversion=\toks43
) (/usr/share/texlive/texmf-dist/tex/latex/epstopdf-pkg/epstopdf-base.sty
Package: epstopdf-base 2020-01-24 v2.11 Base part for package epstopdf
Package epstopdf-base Info: Redefining graphics rule for `.eps' on input line 485.
 (/usr/share/texlive/texmf-dist/tex/latex/latexconfig/epstopdf-sys.cfg
File: epstopdf-sys.cfg 2010/07/13 v1.3 Configuration of (r)epstopdf for TeX Live
))
Package caption Info: Begin \AtBeginDocument code.
Package caption Info: hyperref package is loaded.
Package caption Info: longtable package is loaded.
 (/usr/share/texlive/texmf-dist/tex/latex/caption/ltcaption.sty
Package: ltcaption 2020/05/30 v1.4b longtable captions (AR)
)
Package caption Info: supertabular package is loaded.
Package caption Info: End \AtBeginDocument code.
Package hyperref Info: Link coloring OFF on input line 39.
LaTeX Info: Redefining \ref on input line 39.
LaTeX Info: Redefining \pageref on input line 39.
LaTeX Info: Redefining \nameref on input line 39.
 (latex_generated_files/main.out) (latex_generated_files/main.out)
\@outlinefile=\write3
\openout3 = `main.out'.

 (/usr/share/texlive/texmf-dist/tex/latex/pdflscape/pdflscape.sty
Package: pdflscape 2019/12/05 v0.12 Display of landscape pages in PDF (HO)
 (/usr/share/texlive/texmf-dist/tex/latex/graphics/lscape.sty
Package: lscape 2020/05/28 v3.02 Landscape Pages (DPC)
)
Package pdflscape Info: Auto-detected driver: pdftex on input line 81.
)
<page_de_garde.pdf, id=160, 597.51233pt x 845.0471pt>
File: page_de_garde.pdf Graphic file (type pdf)
<use page_de_garde.pdf>
Package pdftex.def Info: page_de_garde.pdf  used on input line 40.
(pdftex.def)             Requested size: 597.51086pt x 845.04504pt.
File: page_de_garde.pdf Graphic file (type pdf)
<use page_de_garde.pdf>
Package pdftex.def Info: page_de_garde.pdf  used on input line 40.
(pdftex.def)             Requested size: 597.51086pt x 845.04504pt.
<page_de_garde.pdf, id=163, page=1, 597.51233pt x 845.0471pt>
File: page_de_garde.pdf Graphic file (type pdf)
<use page_de_garde.pdf, page 1>
Package pdftex.def Info: page_de_garde.pdf , page1 used on input line 40.
(pdftex.def)             Requested size: 597.51086pt x 845.04504pt.
File: page_de_garde.pdf Graphic file (type pdf)
<use page_de_garde.pdf, page 1>
Package pdftex.def Info: page_de_garde.pdf , page1 used on input line 40.
(pdftex.def)             Requested size: 597.53821pt x 845.08372pt.
File: page_de_garde.pdf Graphic file (type pdf)
<use page_de_garde.pdf, page 1>
Package pdftex.def Info: page_de_garde.pdf , page1 used on input line 40.
(pdftex.def)             Requested size: 597.53821pt x 845.08372pt.
File: page_de_garde.pdf Graphic file (type pdf)
<use page_de_garde.pdf, page 1>
Package pdftex.def Info: page_de_garde.pdf , page1 used on input line 40.
(pdftex.def)             Requested size: 597.53821pt x 845.08372pt.
File: page_de_garde.pdf Graphic file (type pdf)
<use page_de_garde.pdf, page 1>
Package pdftex.def Info: page_de_garde.pdf , page1 used on input line 40.
(pdftex.def)             Requested size: 597.53821pt x 845.08372pt.
 [1

 <./page_de_garde.pdf>]
\openout2 = `acknowledgement.aux'.

 (./acknowledgement.tex) [1


{/var/lib/texmf/fonts/map/pdftex/updmap/pdftex.map}]
\openout2 = `abstract.aux'.

 (./abstract.tex) [2




] (latex_generated_files/main.toc
LaTeX Font Info:    Trying to load font information for U+msa on input line 4.
 (/usr/share/texlive/texmf-dist/tex/latex/amsfonts/umsa.fd
File: umsa.fd 2013/01/14 v3.01 AMS symbols A
)
LaTeX Font Info:    Trying to load font information for U+msb on input line 4.
 (/usr/share/texlive/texmf-dist/tex/latex/amsfonts/umsb.fd
File: umsb.fd 2013/01/14 v3.01 AMS symbols B
) [3



])
\tf@toc=\write4
\openout4 = `main.toc'.

 [4] (latex_generated_files/main.lof)
\tf@lof=\write5
\openout5 = `main.lof'.

 [5


] (latex_generated_files/main.loa)
\tf@loa=\write6
\openout6 = `main.loa'.

 [6


]
Using TeX to sort glossary entries---this may take a while
[7



]
\openout2 = `general_introduction.aux'.

 (./general_introduction.texpdfTeX warning (ext4): destination with the same identifier (name{page.1}) has been already used, duplicate ignored
<to be read again> 
                   \relax 
l.54 
      [1



]) [2]
\openout2 = `state_of_the_art.aux'.

 (./state_of_the_art.tex
Chapter 1.
(./state_of_the_art/01-nss_problem.tex
<figures//state_of_the_art/nss.jpg, id=356, 569.12625pt x 209.78375pt>
File: figures//state_of_the_art/nss.jpg Graphic file (type jpg)
<use figures//state_of_the_art/nss.jpg>
Package pdftex.def Info: figures//state_of_the_art/nss.jpg  used on input line 16.
(pdftex.def)             Requested size: 455.24411pt x 167.8144pt.
) [3




 <./figures//state_of_the_art/nss.jpg>] (./state_of_the_art/02-ann_problem.tex) (./state_of_the_art/03-lsh_overview.tex [4]) (./state_of_the_art/05-lsh_formulation.tex
<figures//state_of_the_art/r-cr conditions.png, id=410, 443.7378pt x 231.264pt>
File: figures//state_of_the_art/r-cr conditions.png Graphic file (type png)
<use figures//state_of_the_art/r-cr conditions.png>
Package pdftex.def Info: figures//state_of_the_art/r-cr conditions.png  used on input line 37.
(pdftex.def)             Requested size: 443.73671pt x 231.26343pt.


LaTeX Warning: `h' float specifier changed to `ht'.

) [5] [6 <./figures//state_of_the_art/r-cr conditions.png>] (./state_of_the_art/06-metrics.tex
<figures//state_of_the_art/metrics/jaccard-dist.png, id=432, 282.05376pt x 283.0575pt>
File: figures//state_of_the_art/metrics/jaccard-dist.png Graphic file (type png)
<use figures//state_of_the_art/metrics/jaccard-dist.png>
Package pdftex.def Info: figures//state_of_the_art/metrics/jaccard-dist.png  used on input line 17.
(pdftex.def)             Requested size: 282.05305pt x 283.0568pt.

Overfull \hbox (1.10098pt too wide) in paragraph at lines 22--26
[]\OT1/cmr/m/n/12 To get an es-ti-ma-tion of the Jac-card met-ric us-ing LSH is de-fined as: $\OML/cmm/m/it/12 H\OT1/cmr/m/n/12 (\OML/cmm/m/it/12 x\OT1/cmr/m/n/12 ) = \OML/cmm/m/it/12 min\OT1/cmr/m/n/12 (\OML/cmm/m/it/12 ^^Y\OT1/cmr/m/n/12 (\OML/cmm/m/it/12 x[]\OT1/cmr/m/n/12 ))$.
 []

[7

 <./figures//state_of_the_art/metrics/jaccard-dist.png>]
<figures//state_of_the_art/metrics/hamming-dist.png, id=441, 283.0575pt x 282.05376pt>
File: figures//state_of_the_art/metrics/hamming-dist.png Graphic file (type png)
<use figures//state_of_the_art/metrics/hamming-dist.png>
Package pdftex.def Info: figures//state_of_the_art/metrics/hamming-dist.png  used on input line 55.
(pdftex.def)             Requested size: 283.0568pt x 282.05305pt.
 [8 <./figures//state_of_the_art/metrics/hamming-dist.png>]
<figures//state_of_the_art/metrics/euclidean-dist.png, id=448, 282.05376pt x 282.05376pt>
File: figures//state_of_the_art/metrics/euclidean-dist.png Graphic file (type png)
<use figures//state_of_the_art/metrics/euclidean-dist.png>
Package pdftex.def Info: figures//state_of_the_art/metrics/euclidean-dist.png  used on input line 87.
(pdftex.def)             Requested size: 282.05305pt x 282.05305pt.
 [9 <./figures//state_of_the_art/metrics/euclidean-dist.png>]
<figures//state_of_the_art/metrics/angular-dist.png, id=464, 287.0725pt x 285.065pt>
File: figures//state_of_the_art/metrics/angular-dist.png Graphic file (type png)
<use figures//state_of_the_art/metrics/angular-dist.png>
Package pdftex.def Info: figures//state_of_the_art/metrics/angular-dist.png  used on input line 131.
(pdftex.def)             Requested size: 183.37534pt x 182.09486pt.
<figures//state_of_the_art/metrics/angular-project.png, id=469, 697.4055pt x 706.0779pt>
File: figures//state_of_the_art/metrics/angular-project.png Graphic file (type png)
<use figures//state_of_the_art/metrics/angular-project.png>
Package pdftex.def Info: figures//state_of_the_art/metrics/angular-project.png  used on input line 160.
(pdftex.def)             Requested size: 113.81123pt x 175.68944pt.


LaTeX Warning: `h' float specifier changed to `ht'.

<figures//state_of_the_art/metrics/angular-collision.png, id=470, 1001.6622pt x 809.424pt>
File: figures//state_of_the_art/metrics/angular-collision.png Graphic file (type png)
<use figures//state_of_the_art/metrics/angular-collision.png>
Package pdftex.def Info: figures//state_of_the_art/metrics/angular-collision.png  used on input line 172.
(pdftex.def)             Requested size: 455.23735pt x 245.96617pt.

LaTeX Warning: `h' float specifier changed to `ht'.

) [10 <./figures//state_of_the_art/metrics/angular-dist.png>] [11 <./figures//state_of_the_art/metrics/angular-project.png> <./figures//state_of_the_art/metrics/angular-collision.png>] (./state_of_the_art/07-lsh_steps.tex
<figures//state_of_the_art/steps/amplification_step.png, id=486, 403.5075pt x 220.4235pt>
File: figures//state_of_the_art/steps/amplification_step.png Graphic file (type png)
<use figures//state_of_the_art/steps/amplification_step.png>
Package pdftex.def Info: figures//state_of_the_art/steps/amplification_step.png  used on input line 37.
(pdftex.def)             Requested size: 403.50652pt x 220.42294pt.


LaTeX Warning: `h' float specifier changed to `ht'.

<figures//state_of_the_art/steps/bucketing_step.png, id=488, 362.85562pt x 222.8325pt>
File: figures//state_of_the_art/steps/bucketing_step.png Graphic file (type png)
<use figures//state_of_the_art/steps/bucketing_step.png>
Package pdftex.def Info: figures//state_of_the_art/steps/bucketing_step.png  used on input line 61.
(pdftex.def)             Requested size: 362.85474pt x 222.83195pt.

LaTeX Warning: `h' float specifier changed to `ht'.

) [12

] [13 <./figures//state_of_the_art/steps/amplification_step.png>] [14 <./figures//state_of_the_art/steps/bucketing_step.png>] (./state_of_the_art/08-lsh_methods.tex (./state_of_the_art/081-minhash_lsh.tex
Overfull \hbox (24.1649pt too wide) in paragraph at lines 13--26
\OT1/cmr/m/n/12 gen-er-ated hash-ing func-tions $(\OML/cmm/m/it/12 h[]; h[]; ::; h[]\OT1/cmr/m/n/12 )$ on a col-umn: $\OML/cmm/m/it/12 h[]\OT1/cmr/m/n/12 (\OML/cmm/m/it/12 X\OT1/cmr/m/n/12 ) = \OML/cmm/m/it/12 min\OT1/cmr/m/n/12 (\OML/cmm/m/it/12 h[]\OT1/cmr/m/n/12 (\OML/cmm/m/it/12 X\OT1/cmr/m/n/12 )\OML/cmm/m/it/12 ; h[]\OT1/cmr/m/n/12 (\OML/cmm/m/it/12 X\OT1/cmr/m/n/12 )\OML/cmm/m/it/12 ; \OMS/cmsy/m/n/12 ^^A\OML/cmm/m/it/12 ; h[]\OT1/cmr/m/n/12 (\OML/cmm/m/it/12 X\OT1/cmr/m/n/12 ))$
 []

<figures//state_of_the_art/methods/minhash_example.png, id=510, 853.68938pt x 315.27788pt>
File: figures//state_of_the_art/methods/minhash_example.png Graphic file (type png)
<use figures//state_of_the_art/methods/minhash_example.png>
Package pdftex.def Info: figures//state_of_the_art/methods/minhash_example.png  used on input line 29.
(pdftex.def)             Requested size: 455.24411pt x 168.13078pt.
) [15

 <./figures//state_of_the_art/methods/minhash_example.png>] (./state_of_the_art/082-simhash_lsh.tex
<figures//state_of_the_art/methods/simhash_lines.png, id=523, 480.79625pt x 272.01625pt>
File: figures//state_of_the_art/methods/simhash_lines.png Graphic file (type png)
<use figures//state_of_the_art/methods/simhash_lines.png>
Package pdftex.def Info: figures//state_of_the_art/methods/simhash_lines.png  used on input line 10.
(pdftex.def)             Requested size: 318.67638pt x 196.78958pt.
 [16 <./figures//state_of_the_art/methods/simhash_lines.png>]) (./state_of_the_art/083-crosspolyope_lsh.tex
<figures//state_of_the_art/methods/cross-polyope.png, id=543, 585.68813pt x 576.65437pt>
File: figures//state_of_the_art/methods/cross-polyope.png Graphic file (type png)
<use figures//state_of_the_art/methods/cross-polyope.png>
Package pdftex.def Info: figures//state_of_the_art/methods/cross-polyope.png  used on input line 15.
(pdftex.def)             Requested size: 455.26201pt x 281.12007pt.
 [17]))) [18 <./figures//state_of_the_art/methods/cross-polyope.png>] [19]
\openout2 = `conception.aux'.

 (./conception.tex
Chapter 2.

LaTeX Warning: Reference `sect:possible_metrics' on page 20 undefined on input line 5.


Overfull \hbox (43.87047pt too wide) in paragraph at lines 33--36
\OT1/cmr/m/n/12 2, for this we'll set this size on a value be-tween 128 to 2048, and we'll call it []. 
 []

[20




] [21]
<figures//conception/indexing-whitebg.png, id=592, 1156.32pt x 424.58624pt>
File: figures//conception/indexing-whitebg.png Graphic file (type png)
<use figures//conception/indexing-whitebg.png>
Package pdftex.def Info: figures//conception/indexing-whitebg.png  used on input line 106.
(pdftex.def)             Requested size: 455.24411pt x 167.15579pt.
 [22 <./figures//conception/indexing-whitebg.png>]
<figures//conception/class-diagram.png, id=599, 1183.42125pt x 668.4975pt>
File: figures//conception/class-diagram.png Graphic file (type png)
<use figures//conception/class-diagram.png>
Package pdftex.def Info: figures//conception/class-diagram.png  used on input line 179.
(pdftex.def)             Requested size: 455.24411pt x 257.16322pt.


LaTeX Warning: `h' float specifier changed to `ht'.

) [23] [24 <./figures//conception/class-diagram.png>]
\openout2 = `realization.aux'.

 (./realization.tex
Chapter 3.
[25




] [26]
<figures//realization/application.png, id=630, 196.735pt x 207.77625pt>
File: figures//realization/application.png Graphic file (type png)
<use figures//realization/application.png>
Package pdftex.def Info: figures//realization/application.png  used on input line 122.
(pdftex.def)             Requested size: 196.7345pt x 207.77573pt.

Overfull \hbox (14.63963pt too wide) in paragraph at lines 122--123
 [][] 
 []

<figures//realization/logic.png, id=631, 195.73125pt x 203.76125pt>
File: figures//realization/logic.png Graphic file (type png)
<use figures//realization/logic.png>
Package pdftex.def Info: figures//realization/logic.png  used on input line 126.
(pdftex.def)             Requested size: 195.73076pt x 203.76074pt.

Overfull \hbox (13.6359pt too wide) in paragraph at lines 126--127
 [][] 
 []

<figures//realization/presentation.png, id=632, 196.735pt x 182.6825pt>
File: figures//realization/presentation.png Graphic file (type png)
<use figures//realization/presentation.png>
Package pdftex.def Info: figures//realization/presentation.png  used on input line 130.
(pdftex.def)             Requested size: 196.7345pt x 182.68204pt.

Overfull \hbox (14.63963pt too wide) in paragraph at lines 130--131
 [][] 
 []


Underfull \hbox (badness 10000) in paragraph at lines 120--132
[]$[]$ $[]$
 []

[27 <./figures//realization/application.png> <./figures//realization/logic.png> <./figures//realization/presentation.png>]
<figures//realization/architecture.png, id=642, 595.77582pt x 604.80956pt>
File: figures//realization/architecture.png Graphic file (type png)
<use figures//realization/architecture.png>
Package pdftex.def Info: figures//realization/architecture.png  used on input line 150.
(pdftex.def)             Requested size: 455.24411pt x 462.161pt.
) [28 <./figures//realization/architecture.png>]
\openout2 = `tests.aux'.

 (./tests.tex
Chapter 4.
<figures//tests/labelled_entry.png, id=650, 794.97pt x 261.97874pt>
File: figures//tests/labelled_entry.png Graphic file (type png)
<use figures//tests/labelled_entry.png>
Package pdftex.def Info: figures//tests/labelled_entry.png  used on input line 67.
(pdftex.def)             Requested size: 455.24411pt x 150.02899pt.

LaTeX Warning: `h' float specifier changed to `ht'.

(./tests/01-embedding_metric.tex [29




]
Underfull \hbox (badness 10000) in paragraph at lines 17--18
[][]\OT1/cmr/m/n/12 Neural-Net Lan-guage Mod-els[]
 []

<figures//tests/embedding_metric.png, id=666, 599.38931pt x 210.93806pt>
File: figures//tests/embedding_metric.png Graphic file (type png)
<use figures//tests/embedding_metric.png>
Package pdftex.def Info: figures//tests/embedding_metric.png  used on input line 51.
(pdftex.def)             Requested size: 455.24411pt x 160.2116pt.

LaTeX Warning: `h' float specifier changed to `ht'.

[30 <./figures//tests/labelled_entry.png>]
Overfull \hbox (30.38663pt too wide) in paragraph at lines 69--96
 [] 
 []

[31 <./figures//tests/embedding_metric.png>]) (./tests/02-index_hp.tex
Overfull \hbox (3.7853pt too wide) in paragraph at lines 52--81
 [] 
 []


LaTeX Warning: `h' float specifier changed to `ht'.

)) [32] [33] (latex_generated_files/main.bbl [34



]) [35] (latex_generated_files/main.aux (latex_generated_files/acknowledgement.aux) (latex_generated_files/abstract.aux) (latex_generated_files/general_introduction.aux) (latex_generated_files/state_of_the_art.aux) (latex_generated_files/conception.aux) (latex_generated_files/realization.aux) (latex_generated_files/tests.aux))

LaTeX Warning: There were undefined references.

Package rerunfilecheck Info: File `main.out' has not changed.
(rerunfilecheck)             Checksum: 1CD7983E9613D47CE7695FB62E6B8E0D;5475.
 ) 
Here is how much of TeX's memory you used:
 20212 strings out of 478287
 337622 string characters out of 5849290
 685224 words of memory out of 5000000
 37761 multiletter control sequences out of 15000+600000
 478889 words of font info for 65 fonts, out of 8000000 for 9000
 1141 hyphenation exceptions out of 8191
 91i,17n,91p,1177b,659s stack positions out of 5000i,500n,10000p,200000b,80000s
{/usr/share/texmf/fonts/enc/dvips/cm-super/cm-super-ts1.enc}</usr/share/texlive/texmf-dist/fonts/type1/public/amsfonts/cm/cmbx12.pfb></usr/share/texlive/texmf-dist/fonts/type1/public/amsfonts/cm/cmbx8.pfb></usr/share/texlive/texmf-dist/fonts/type1/public/amsfonts/cm/cmex10.pfb></usr/share/texlive/texmf-dist/fonts/type1/public/amsfonts/cm/cmmi12.pfb></usr/share/texlive/texmf-dist/fonts/type1/public/amsfonts/cm/cmmi6.pfb></usr/share/texlive/texmf-dist/fonts/type1/public/amsfonts/cm/cmmi8.pfb></usr/share/texlive/texmf-dist/fonts/type1/public/amsfonts/cm/cmr10.pfb></usr/share/texlive/texmf-dist/fonts/type1/public/amsfonts/cm/cmr12.pfb></usr/share/texlive/texmf-dist/fonts/type1/public/amsfonts/cm/cmr6.pfb></usr/share/texlive/texmf-dist/fonts/type1/public/amsfonts/cm/cmr7.pfb></usr/share/texlive/texmf-dist/fonts/type1/public/amsfonts/cm/cmr8.pfb></usr/share/texlive/texmf-dist/fonts/type1/public/amsfonts/cm/cmsy10.pfb></usr/share/texlive/texmf-dist/fonts/type1/public/amsfonts/cm/cmsy8.pfb></usr/share/texlive/texmf-dist/fonts/type1/public/amsfonts/cm/cmti12.pfb></usr/share/texlive/texmf-dist/fonts/type1/public/amsfonts/cm/cmtt12.pfb></usr/share/texlive/texmf-dist/fonts/type1/public/amsfonts/symbols/msbm10.pfb></usr/share/texmf/fonts/type1/public/cm-super/sfrm1200.pfb>
Output written on latex_generated_files/main.pdf (43 pages, 1483337 bytes).
PDF statistics:
 835 PDF objects out of 1000 (max. 8388607)
 692 compressed objects within 7 object streams
 178 named destinations out of 1000 (max. 500000)
 438 words of extra memory for PDF output out of 10000 (max. 10000000)

