\BOOKMARK [0][-]{chapter.1}{\376\377\000S\000t\000a\000t\000e\000\040\000o\000f\000\040\000t\000h\000e\000\040\000a\000r\000t}{}% 1
\BOOKMARK [1][-]{section.1.1}{\376\377\000N\000e\000a\000r\000e\000s\000t\000\040\000N\000e\000i\000g\000h\000b\000o\000r\000\040\000S\000e\000a\000r\000c\000h\000\040\000p\000r\000o\000b\000l\000e\000m}{chapter.1}% 2
\BOOKMARK [1][-]{section.1.2}{\376\377\000A\000p\000p\000r\000o\000x\000i\000m\000a\000t\000e\000\040\000N\000e\000a\000r\000e\000s\000t\000\040\000N\000e\000i\000g\000h\000b\000o\000r\000\040\000S\000e\000a\000r\000c\000h}{chapter.1}% 3
\BOOKMARK [1][-]{section.1.3}{\376\377\000L\000o\000c\000a\000l\000i\000t\000y\000-\000S\000e\000n\000s\000i\000t\000i\000v\000e\000\040\000H\000a\000s\000h\000i\000n\000g}{chapter.1}% 4
\BOOKMARK [1][-]{section.1.4}{\376\377\000L\000S\000H\000\040\000f\000o\000r\000m\000u\000l\000a\000t\000i\000o\000n}{chapter.1}% 5
\BOOKMARK [1][-]{section.1.5}{\376\377\000M\000e\000t\000r\000i\000c\000s}{chapter.1}% 6
\BOOKMARK [2][-]{subsection.1.5.1}{\376\377\000J\000a\000c\000c\000a\000r\000d\000\040\000m\000e\000t\000r\000i\000c}{section.1.5}% 7
\BOOKMARK [2][-]{subsection.1.5.2}{\376\377\000H\000a\000m\000m\000i\000n\000g\000\040\000M\000e\000t\000r\000i\000c}{section.1.5}% 8
\BOOKMARK [2][-]{subsection.1.5.3}{\376\377\000E\000u\000c\000l\000i\000d\000e\000a\000n\000\040\000M\000e\000t\000r\000i\000c}{section.1.5}% 9
\BOOKMARK [2][-]{subsection.1.5.4}{\376\377\000A\000n\000g\000u\000l\000a\000r\000\040\000m\000e\000t\000r\000i\000c}{section.1.5}% 10
\BOOKMARK [1][-]{section.1.6}{\376\377\000L\000S\000H\000\040\000s\000t\000e\000p\000s}{chapter.1}% 11
\BOOKMARK [2][-]{subsection.1.6.1}{\376\377\000H\000a\000s\000h\000i\000n\000g}{section.1.6}% 12
\BOOKMARK [2][-]{subsection.1.6.2}{\376\377\000A\000m\000p\000l\000i\000f\000i\000c\000a\000t\000i\000o\000n}{section.1.6}% 13
\BOOKMARK [2][-]{subsection.1.6.3}{\376\377\000B\000u\000c\000k\000e\000t\000i\000n\000g}{section.1.6}% 14
\BOOKMARK [1][-]{section.1.7}{\376\377\000T\000h\000e\000\040\000L\000S\000H\000\040\000m\000e\000t\000h\000o\000d\000s}{chapter.1}% 15
\BOOKMARK [2][-]{subsection.1.7.1}{\376\377\000M\000i\000n\000w\000i\000s\000e\000-\000H\000a\000s\000h\000i\000n\000g\000\040\000L\000S\000H}{section.1.7}% 16
\BOOKMARK [2][-]{subsection.1.7.2}{\376\377\000S\000i\000m\000h\000a\000s\000h\000\040\000L\000S\000H}{section.1.7}% 17
\BOOKMARK [2][-]{subsection.1.7.3}{\376\377\000C\000r\000o\000s\000s\000-\000P\000o\000l\000y\000t\000o\000p\000e\000\040\000L\000S\000H}{section.1.7}% 18
\BOOKMARK [0][-]{chapter.2}{\376\377\000C\000o\000n\000c\000e\000p\000t\000i\000o\000n}{}% 19
\BOOKMARK [1][-]{section.2.1}{\376\377\000I\000n\000d\000e\000x\000a\000t\000i\000o\000n}{chapter.2}% 20
\BOOKMARK [2][-]{subsection.2.1.1}{\376\377\000P\000r\000e\000p\000r\000o\000c\000e\000s\000s\000i\000n\000g}{section.2.1}% 21
\BOOKMARK [2][-]{subsection.2.1.2}{\376\377\000C\000o\000m\000p\000u\000t\000i\000n\000g\000\040\000i\000n\000d\000e\000x}{section.2.1}% 22
\BOOKMARK [2][-]{subsection.2.1.3}{\376\377\000S\000t\000o\000r\000i\000n\000g\000\040\000i\000n\000d\000e\000x}{section.2.1}% 23
\BOOKMARK [1][-]{section.2.2}{\376\377\000S\000i\000m\000i\000l\000a\000r\000i\000t\000y\000\040\000D\000e\000t\000e\000c\000t\000i\000o\000n}{chapter.2}% 24
\BOOKMARK [1][-]{section.2.3}{\376\377\000I\000m\000p\000l\000e\000m\000e\000n\000t\000a\000t\000i\000o\000n}{chapter.2}% 25
\BOOKMARK [0][-]{chapter.3}{\376\377\000R\000e\000a\000l\000i\000z\000a\000t\000i\000o\000n}{}% 26
\BOOKMARK [1][-]{section.3.1}{\376\377\000T\000e\000c\000h\000n\000o\000l\000o\000g\000i\000e\000s\000\040\000a\000n\000d\000\040\000t\000o\000o\000l\000s\000\040\000u\000s\000e\000d}{chapter.3}% 27
\BOOKMARK [2][-]{subsection.3.1.1}{\376\377\000P\000y\000t\000h\000o\000n}{section.3.1}% 28
\BOOKMARK [2][-]{subsection.3.1.2}{\376\377\000S\000t\000r\000e\000a\000m\000l\000i\000t}{section.3.1}% 29
\BOOKMARK [2][-]{subsection.3.1.3}{\376\377\000T\000e\000n\000s\000o\000r\000F\000l\000o\000w\000\040\000H\000u\000b}{section.3.1}% 30
\BOOKMARK [1][-]{section.3.2}{\376\377\000A\000r\000c\000h\000i\000t\000e\000c\000t\000u\000r\000e}{chapter.3}% 31
\BOOKMARK [0][-]{chapter.4}{\376\377\000E\000x\000p\000e\000r\000i\000m\000e\000n\000t\000s\000\040\000a\000n\000d\000\040\000r\000e\000s\000u\000l\000t\000s}{}% 32
\BOOKMARK [1][-]{section.4.1}{\376\377\000T\000e\000s\000t\000\040\000a\000n\000d\000\040\000E\000x\000p\000e\000r\000i\000m\000e\000n\000t\000s}{chapter.4}% 33
\BOOKMARK [2][-]{subsection.4.1.1}{\376\377\000E\000m\000b\000e\000d\000d\000i\000n\000g\000\040\000a\000p\000p\000r\000o\000a\000c\000h\000\040\000m\000e\000t\000r\000i\000c}{section.4.1}% 34
\BOOKMARK [2][-]{subsection.4.1.2}{\376\377\000I\000n\000d\000e\000x\000a\000t\000i\000o\000n\000\040\000h\000y\000p\000e\000r\000-\000p\000a\000r\000a\000m\000e\000t\000e\000r\000s}{section.4.1}% 35
